C:\USERS\DEC7\DOCUMENTS\VISUAL STUDIO 2012\PROJECTS\MIDTERM_EX\MIDTERM_EX\DEBUG\SELECTION_SORT.OBJ
C:\USERS\DEC7\DOCUMENTS\VISUAL STUDIO 2012\PROJECTS\MIDTERM_EX\MIDTERM_EX\DEBUG\VC110.PDB
C:\USERS\DEC7\DOCUMENTS\VISUAL STUDIO 2012\PROJECTS\MIDTERM_EX\MIDTERM_EX\DEBUG\BINARY_SEARCH.OBJ
C:\USERS\DEC7\DOCUMENTS\VISUAL STUDIO 2012\PROJECTS\MIDTERM_EX\MIDTERM_EX\DEBUG\RECURSION_FACTORIAL.OBJ
C:\USERS\DEC7\DOCUMENTS\VISUAL STUDIO 2012\PROJECTS\MIDTERM_EX\MIDTERM_EX\DEBUG\RECURSION_FIBONACCI.OBJ
C:\USERS\DEC7\DOCUMENTS\VISUAL STUDIO 2012\PROJECTS\MIDTERM_EX\MIDTERM_EX\DEBUG\RECURSION_BISEARCH.OBJ
C:\USERS\DEC7\DOCUMENTS\VISUAL STUDIO 2012\PROJECTS\MIDTERM_EX\MIDTERM_EX\DEBUG\RECURSION_PERMUTATION.OBJ
C:\USERS\DEC7\DOCUMENTS\VISUAL STUDIO 2012\PROJECTS\MIDTERM_EX\DEBUG\MIDTERM_EX.ILK
C:\USERS\DEC7\DOCUMENTS\VISUAL STUDIO 2012\PROJECTS\MIDTERM_EX\DEBUG\MIDTERM_EX.EXE
C:\USERS\DEC7\DOCUMENTS\VISUAL STUDIO 2012\PROJECTS\MIDTERM_EX\DEBUG\MIDTERM_EX.PDB
C:\Users\Dec7\Documents\Visual Studio 2012\Projects\Midterm_Ex\Midterm_Ex\Debug\Binary_Search.obj
C:\Users\Dec7\Documents\Visual Studio 2012\Projects\Midterm_Ex\Midterm_Ex\Debug\Recursion_biSearch.obj
C:\Users\Dec7\Documents\Visual Studio 2012\Projects\Midterm_Ex\Midterm_Ex\Debug\Recursion_Factorial.obj
C:\Users\Dec7\Documents\Visual Studio 2012\Projects\Midterm_Ex\Midterm_Ex\Debug\Recursion_Fibonacci.obj
C:\Users\Dec7\Documents\Visual Studio 2012\Projects\Midterm_Ex\Midterm_Ex\Debug\Recursion_Permutation.obj
C:\Users\Dec7\Documents\Visual Studio 2012\Projects\Midterm_Ex\Midterm_Ex\Debug\Selection_Sort.obj
C:\Users\Dec7\Documents\Visual Studio 2012\Projects\Midterm_Ex\Midterm_Ex\Debug\cl.command.1.tlog
C:\Users\Dec7\Documents\Visual Studio 2012\Projects\Midterm_Ex\Midterm_Ex\Debug\CL.read.1.tlog
C:\Users\Dec7\Documents\Visual Studio 2012\Projects\Midterm_Ex\Midterm_Ex\Debug\CL.write.1.tlog
C:\Users\Dec7\Documents\Visual Studio 2012\Projects\Midterm_Ex\Midterm_Ex\Debug\link-cvtres.read.1.tlog
C:\Users\Dec7\Documents\Visual Studio 2012\Projects\Midterm_Ex\Midterm_Ex\Debug\link-cvtres.write.1.tlog
C:\Users\Dec7\Documents\Visual Studio 2012\Projects\Midterm_Ex\Midterm_Ex\Debug\link-rc.read.1.tlog
C:\Users\Dec7\Documents\Visual Studio 2012\Projects\Midterm_Ex\Midterm_Ex\Debug\link-rc.write.1.tlog
C:\Users\Dec7\Documents\Visual Studio 2012\Projects\Midterm_Ex\Midterm_Ex\Debug\link.10880-cvtres.read.1.tlog
C:\Users\Dec7\Documents\Visual Studio 2012\Projects\Midterm_Ex\Midterm_Ex\Debug\link.10880-cvtres.write.1.tlog
C:\Users\Dec7\Documents\Visual Studio 2012\Projects\Midterm_Ex\Midterm_Ex\Debug\link.10880-rc.read.1.tlog
C:\Users\Dec7\Documents\Visual Studio 2012\Projects\Midterm_Ex\Midterm_Ex\Debug\link.10880-rc.write.1.tlog
C:\Users\Dec7\Documents\Visual Studio 2012\Projects\Midterm_Ex\Midterm_Ex\Debug\link.10880.read.1.tlog
C:\Users\Dec7\Documents\Visual Studio 2012\Projects\Midterm_Ex\Midterm_Ex\Debug\link.10880.write.1.tlog
C:\Users\Dec7\Documents\Visual Studio 2012\Projects\Midterm_Ex\Midterm_Ex\Debug\link.2304-cvtres.read.1.tlog
C:\Users\Dec7\Documents\Visual Studio 2012\Projects\Midterm_Ex\Midterm_Ex\Debug\link.2304-cvtres.write.1.tlog
C:\Users\Dec7\Documents\Visual Studio 2012\Projects\Midterm_Ex\Midterm_Ex\Debug\link.2304-rc.read.1.tlog
C:\Users\Dec7\Documents\Visual Studio 2012\Projects\Midterm_Ex\Midterm_Ex\Debug\link.2304-rc.write.1.tlog
C:\Users\Dec7\Documents\Visual Studio 2012\Projects\Midterm_Ex\Midterm_Ex\Debug\link.2304.read.1.tlog
C:\Users\Dec7\Documents\Visual Studio 2012\Projects\Midterm_Ex\Midterm_Ex\Debug\link.2304.write.1.tlog
C:\Users\Dec7\Documents\Visual Studio 2012\Projects\Midterm_Ex\Midterm_Ex\Debug\link.5848-cvtres.read.1.tlog
C:\Users\Dec7\Documents\Visual Studio 2012\Projects\Midterm_Ex\Midterm_Ex\Debug\link.5848-cvtres.write.1.tlog
C:\Users\Dec7\Documents\Visual Studio 2012\Projects\Midterm_Ex\Midterm_Ex\Debug\link.5848-rc.read.1.tlog
C:\Users\Dec7\Documents\Visual Studio 2012\Projects\Midterm_Ex\Midterm_Ex\Debug\link.5848-rc.write.1.tlog
C:\Users\Dec7\Documents\Visual Studio 2012\Projects\Midterm_Ex\Midterm_Ex\Debug\link.5848.read.1.tlog
C:\Users\Dec7\Documents\Visual Studio 2012\Projects\Midterm_Ex\Midterm_Ex\Debug\link.5848.write.1.tlog
C:\Users\Dec7\Documents\Visual Studio 2012\Projects\Midterm_Ex\Midterm_Ex\Debug\link.7348-cvtres.read.1.tlog
C:\Users\Dec7\Documents\Visual Studio 2012\Projects\Midterm_Ex\Midterm_Ex\Debug\link.7348-cvtres.write.1.tlog
C:\Users\Dec7\Documents\Visual Studio 2012\Projects\Midterm_Ex\Midterm_Ex\Debug\link.7348-rc.read.1.tlog
C:\Users\Dec7\Documents\Visual Studio 2012\Projects\Midterm_Ex\Midterm_Ex\Debug\link.7348-rc.write.1.tlog
C:\Users\Dec7\Documents\Visual Studio 2012\Projects\Midterm_Ex\Midterm_Ex\Debug\link.7348.read.1.tlog
C:\Users\Dec7\Documents\Visual Studio 2012\Projects\Midterm_Ex\Midterm_Ex\Debug\link.7348.write.1.tlog
C:\Users\Dec7\Documents\Visual Studio 2012\Projects\Midterm_Ex\Midterm_Ex\Debug\link.command.1.tlog
C:\Users\Dec7\Documents\Visual Studio 2012\Projects\Midterm_Ex\Midterm_Ex\Debug\link.read.1.tlog
C:\Users\Dec7\Documents\Visual Studio 2012\Projects\Midterm_Ex\Midterm_Ex\Debug\link.write.1.tlog
C:\Users\Dec7\Documents\Visual Studio 2012\Projects\Midterm_Ex\Midterm_Ex\Debug\vc110.idb
C:\Users\Dec7\Documents\Visual Studio 2012\Projects\Midterm_Ex\Midterm_Ex\Debug\vc110.pdb
C:\Users\Dec7\Documents\Visual Studio 2012\Projects\Midterm_Ex\Debug\Midterm_Ex.pdb
C:\Users\Dec7\Documents\Visual Studio 2012\Projects\Midterm_Ex\Debug\Midterm_Ex.exe
C:\Users\Dec7\Documents\Visual Studio 2012\Projects\Midterm_Ex\Debug\Midterm_Ex.ilk
