C:\USERS\DEC7\DOCUMENTS\VISUAL STUDIO 2012\PROJECTS\RBT\RBT\DEBUG\VC110.PDB
C:\USERS\DEC7\DOCUMENTS\VISUAL STUDIO 2012\PROJECTS\RBT\RBT\DEBUG\RBT.OBJ
C:\USERS\DEC7\DOCUMENTS\VISUAL STUDIO 2012\PROJECTS\RBT\DEBUG\RBT.ILK
C:\USERS\DEC7\DOCUMENTS\VISUAL STUDIO 2012\PROJECTS\RBT\DEBUG\RBT.EXE
C:\USERS\DEC7\DOCUMENTS\VISUAL STUDIO 2012\PROJECTS\RBT\DEBUG\RBT.PDB
C:\Users\Dec7\Documents\Visual Studio 2012\Projects\RBT\RBT\Debug\RBT.obj
C:\Users\Dec7\Documents\Visual Studio 2012\Projects\RBT\RBT\Debug\cl.command.1.tlog
C:\Users\Dec7\Documents\Visual Studio 2012\Projects\RBT\RBT\Debug\CL.read.1.tlog
C:\Users\Dec7\Documents\Visual Studio 2012\Projects\RBT\RBT\Debug\CL.write.1.tlog
C:\Users\Dec7\Documents\Visual Studio 2012\Projects\RBT\RBT\Debug\link-cvtres.read.1.tlog
C:\Users\Dec7\Documents\Visual Studio 2012\Projects\RBT\RBT\Debug\link-cvtres.write.1.tlog
C:\Users\Dec7\Documents\Visual Studio 2012\Projects\RBT\RBT\Debug\link-rc.read.1.tlog
C:\Users\Dec7\Documents\Visual Studio 2012\Projects\RBT\RBT\Debug\link-rc.write.1.tlog
C:\Users\Dec7\Documents\Visual Studio 2012\Projects\RBT\RBT\Debug\link.command.1.tlog
C:\Users\Dec7\Documents\Visual Studio 2012\Projects\RBT\RBT\Debug\link.read.1.tlog
C:\Users\Dec7\Documents\Visual Studio 2012\Projects\RBT\RBT\Debug\link.write.1.tlog
C:\Users\Dec7\Documents\Visual Studio 2012\Projects\RBT\RBT\Debug\vc110.idb
C:\Users\Dec7\Documents\Visual Studio 2012\Projects\RBT\RBT\Debug\vc110.pdb
C:\Users\Dec7\Documents\Visual Studio 2012\Projects\RBT\Debug\RBT.pdb
C:\Users\Dec7\Documents\Visual Studio 2012\Projects\RBT\Debug\RBT.exe
C:\Users\Dec7\Documents\Visual Studio 2012\Projects\RBT\Debug\RBT.ilk
