빌드 시작: 2013-06-28 오후 10:32:50
     1>2 노드의 "C:\Users\Dec7\Documents\Visual Studio 2012\Projects\RBT\RBT\RBT.vcxproj" 프로젝트(Build 대상)입니다.
     1>ClCompile:
         C:\Program Files (x86)\Microsoft Visual Studio 11.0\VC\bin\CL.exe /c /ZI /nologo /W3 /WX- /Od /Oy- /D WIN32 /D _DEBUG /D _CONSOLE /D _UNICODE /D UNICODE /Gm /EHsc /RTC1 /MDd /GS /fp:precise /Zc:wchar_t /Zc:forScope /Fo"Debug\\" /Fd"Debug\vc110.pdb" /Gd /TC /analyze- /errorReport:prompt RBT.c
         RBT.c
     1>c:\users\dec7\documents\visual studio 2012\projects\rbt\rbt\rbt.c(379): warning C4101: 'i' :참조되지 않은 지역 변수입니다.
     1>c:\users\dec7\documents\visual studio 2012\projects\rbt\rbt\rbt.c(379): warning C4101: 'verifier' :참조되지 않은 지역 변수입니다.
     1>c:\users\dec7\documents\visual studio 2012\projects\rbt\rbt\rbt.c(457): warning C4033: 'verifyRBT'은(는) 값을 반환해야 합니다.
     1>c:\users\dec7\documents\visual studio 2012\projects\rbt\rbt\rbt.c(494): warning C4033: 'verifyNode'은(는) 값을 반환해야 합니다.
     1>c:\users\dec7\documents\visual studio 2012\projects\rbt\rbt\rbt.c(526): warning C4033: 'verifyBlackHeight'은(는) 값을 반환해야 합니다.
     1>c:\users\dec7\documents\visual studio 2012\projects\rbt\rbt\rbt.c(559): warning C4033: 'searchNode'은(는) 값을 반환해야 합니다.
     1>c:\users\dec7\documents\visual studio 2012\projects\rbt\rbt\rbt.c(557): warning C4101: 'tempNode' :참조되지 않은 지역 변수입니다.
     1>c:\users\dec7\documents\visual studio 2012\projects\rbt\rbt\rbt.c(577): warning C4033: 'minimumNode'은(는) 값을 반환해야 합니다.
     1>c:\users\dec7\documents\visual studio 2012\projects\rbt\rbt\rbt.c(589): warning C4033: 'successorOf'은(는) 값을 반환해야 합니다.
     1>c:\users\dec7\documents\visual studio 2012\projects\rbt\rbt\rbt.c(852): warning C4996: 'scanf': This function or variable may be unsafe. Consider using scanf_s instead. To disable deprecation, use _CRT_SECURE_NO_WARNINGS. See online help for details.
                 c:\program files (x86)\microsoft visual studio 11.0\vc\include\stdio.h(290) : 'scanf' 선언을 참조하십시오.
     1>c:\users\dec7\documents\visual studio 2012\projects\rbt\rbt\rbt.c(514): warning C4715: 'verifyNode' : 모든 제어 경로에서 값을 반환하지는 않습니다.
     1>c:\users\dec7\documents\visual studio 2012\projects\rbt\rbt\rbt.c(482): warning C4715: 'verifyRBT' : 모든 제어 경로에서 값을 반환하지는 않습니다.
     1>c:\users\dec7\documents\visual studio 2012\projects\rbt\rbt\rbt.c(572): warning C4715: 'searchNode' : 모든 제어 경로에서 값을 반환하지는 않습니다.
     1>c:\users\dec7\documents\visual studio 2012\projects\rbt\rbt\rbt.c(554): warning C4715: 'verifyBlackHeight' : 모든 제어 경로에서 값을 반환하지는 않습니다.
     1>c:\users\dec7\documents\visual studio 2012\projects\rbt\rbt\rbt.c(585): warning C4715: 'minimumNode' : 모든 제어 경로에서 값을 반환하지는 않습니다.
     1>c:\users\dec7\documents\visual studio 2012\projects\rbt\rbt\rbt.c(603): warning C4715: 'successorOf' : 모든 제어 경로에서 값을 반환하지는 않습니다.
       Link:
         C:\Program Files (x86)\Microsoft Visual Studio 11.0\VC\bin\link.exe /ERRORREPORT:PROMPT /OUT:"C:\Users\Dec7\Documents\Visual Studio 2012\Projects\RBT\Debug\RBT.exe" /INCREMENTAL /NOLOGO kernel32.lib user32.lib gdi32.lib winspool.lib comdlg32.lib advapi32.lib shell32.lib ole32.lib oleaut32.lib uuid.lib odbc32.lib odbccp32.lib /MANIFEST /MANIFESTUAC:"level='asInvoker' uiAccess='false'" /manifest:embed /DEBUG /PDB:"C:\Users\Dec7\Documents\Visual Studio 2012\Projects\RBT\Debug\RBT.pdb" /SUBSYSTEM:CONSOLE /TLBID:1 /DYNAMICBASE /NXCOMPAT /IMPLIB:"C:\Users\Dec7\Documents\Visual Studio 2012\Projects\RBT\Debug\RBT.lib" /MACHINE:X86 Debug\RBT.obj
         RBT.vcxproj -> C:\Users\Dec7\Documents\Visual Studio 2012\Projects\RBT\Debug\RBT.exe
     1>"C:\Users\Dec7\Documents\Visual Studio 2012\Projects\RBT\RBT\RBT.vcxproj" 프로젝트를 빌드했습니다(Build 대상).

빌드했습니다.

경과 시간: 00:00:00.66
