C:\USERS\DEC7\DOCUMENTS\VISUAL STUDIO 2012\PROJECTS\WEEK9_TREE\WEEK9_TREE\DEBUG\BST.OBJ
C:\USERS\DEC7\DOCUMENTS\VISUAL STUDIO 2012\PROJECTS\WEEK9_TREE\WEEK9_TREE\DEBUG\VC110.PDB
C:\USERS\DEC7\DOCUMENTS\VISUAL STUDIO 2012\PROJECTS\WEEK9_TREE\DEBUG\WEEK9_TREE.ILK
C:\USERS\DEC7\DOCUMENTS\VISUAL STUDIO 2012\PROJECTS\WEEK9_TREE\DEBUG\WEEK9_TREE.EXE
C:\USERS\DEC7\DOCUMENTS\VISUAL STUDIO 2012\PROJECTS\WEEK9_TREE\DEBUG\WEEK9_TREE.PDB
C:\Users\Dec7\Documents\Visual Studio 2012\Projects\week9_tree\week9_tree\Debug\BST.obj
C:\Users\Dec7\Documents\Visual Studio 2012\Projects\week9_tree\week9_tree\Debug\cl.command.1.tlog
C:\Users\Dec7\Documents\Visual Studio 2012\Projects\week9_tree\week9_tree\Debug\CL.read.1.tlog
C:\Users\Dec7\Documents\Visual Studio 2012\Projects\week9_tree\week9_tree\Debug\CL.write.1.tlog
C:\Users\Dec7\Documents\Visual Studio 2012\Projects\week9_tree\week9_tree\Debug\link-cvtres.read.1.tlog
C:\Users\Dec7\Documents\Visual Studio 2012\Projects\week9_tree\week9_tree\Debug\link-cvtres.write.1.tlog
C:\Users\Dec7\Documents\Visual Studio 2012\Projects\week9_tree\week9_tree\Debug\link-rc.read.1.tlog
C:\Users\Dec7\Documents\Visual Studio 2012\Projects\week9_tree\week9_tree\Debug\link-rc.write.1.tlog
C:\Users\Dec7\Documents\Visual Studio 2012\Projects\week9_tree\week9_tree\Debug\link.command.1.tlog
C:\Users\Dec7\Documents\Visual Studio 2012\Projects\week9_tree\week9_tree\Debug\link.read.1.tlog
C:\Users\Dec7\Documents\Visual Studio 2012\Projects\week9_tree\week9_tree\Debug\link.write.1.tlog
C:\Users\Dec7\Documents\Visual Studio 2012\Projects\week9_tree\week9_tree\Debug\vc110.idb
C:\Users\Dec7\Documents\Visual Studio 2012\Projects\week9_tree\week9_tree\Debug\vc110.pdb
C:\Users\Dec7\Documents\Visual Studio 2012\Projects\week9_tree\Debug\week9_tree.pdb
C:\Users\Dec7\Documents\Visual Studio 2012\Projects\week9_tree\Debug\week9_tree.exe
C:\Users\Dec7\Documents\Visual Studio 2012\Projects\week9_tree\Debug\week9_tree.ilk
